
=== Daily Collection Run ===
Time: 2026-04-06 18:00 UTC

Backfilling past results...

Fetching open buckets...
  Found 4 range buckets
  Target date: 2026-04-07

Fetching NWS forecast...
  NWS predicted high: 51°F

Collecting bucket prices...
  60-61°  price=0.005  
  58-59°  price=0.015  
  56-57°  price=0.245  
  54-55°  price=0.62  

Saving...
  No new rows to write (already collected this hour)

Done!

=== Daily Collection Run ===
Time: 2026-04-07 18:14 UTC

Backfilling past results...

=== Daily Collection Run ===
Time: 2026-04-08 21:00 UTC

Backfilling past results...

Fetching open buckets...
  Found 4 range buckets
  Target date: 2026-04-09

Fetching NWS forecast...
  NWS predicted high: 54°F

Collecting bucket prices...
  52-53°  price=0.025  
  50-51°  price=0.975  
  48-49°  price=0.005  
  46-47°  price=0.005  

Saving...
  No new rows to write (already collected this hour)

Done!

=== Daily Collection Run ===
Time: 2026-04-09 21:13 UTC

Backfilling past results...

=== Daily Collection Run ===
Time: 2026-04-10 21:09 UTC

Backfilling past results...

=== Daily Collection Run ===
Time: 2026-04-11 21:07 UTC

Backfilling past results...

=== Daily Collection Run ===
Time: 2026-04-12 21:00 UTC

Backfilling past results...

Fetching open buckets...
  Found 4 range buckets
  Target date: 2026-04-13

Fetching NWS forecast...
  NWS predicted high: 78°F

Collecting bucket prices...
  62-63°  price=0.005  
  60-61°  price=0.005  
  58-59°  price=0.005  
  56-57°  price=0.015  

Saving...
  Wrote 4 rows to /Users/ankhbayarbatkhurel/kalshi-calibration/data/daily_observations.csv

Done!

=== Daily Collection Run ===
Time: 2026-04-13 21:18 UTC

Backfilling past results...
  Nothing to backfill yet

Fetching open buckets...

=== Daily Collection Run ===
Time: 2026-04-14 21:07 UTC

Backfilling past results...
  Nothing to backfill yet

Fetching open buckets...

=== Daily Collection Run ===
Time: 2026-04-15 21:00 UTC

Backfilling past results...
  Backfilled 4 fields

Fetching open buckets...
  Found 4 range buckets
  Target date: 2026-04-16

Fetching NWS forecast...
  NWS predicted high: 86°F

Collecting bucket prices...
  89-90°  price=0.98  
  87-88°  price=0.005  
  85-86°  price=0.005  ← NWS target
  83-84°  price=0.005  

Saving...
  Wrote 4 rows to /Users/ankhbayarbatkhurel/kalshi-calibration/data/daily_observations.csv

Done!

=== Daily Collection Run ===
Time: 2026-04-16 21:00 UTC

Backfilling past results...
  Backfilled 4 fields

Fetching open buckets...
  Found 4 range buckets
  Target date: 2026-04-17

Fetching NWS forecast...
  NWS predicted high: 78°F

Collecting bucket prices...
  90-91°  price=0.005  
  88-89°  price=0.995  
  86-87°  price=0.005  
  84-85°  price=0.005  

Saving...
  Wrote 4 rows to /Users/ankhbayarbatkhurel/kalshi-calibration/data/daily_observations.csv

Done!

=== Daily Collection Run ===
Time: 2026-04-17 21:00 UTC

Backfilling past results...
  Backfilled 4 fields

Fetching open buckets...
  Found 4 range buckets
  Target date: 2026-04-18

Fetching NWS forecast...
  NWS predicted high: 59°F

Collecting bucket prices...
  83-84°  price=0.015  
  81-82°  price=0.995  
  79-80°  price=0.005  
  77-78°  price=0.005  

Saving...
  Wrote 4 rows to /Users/ankhbayarbatkhurel/kalshi-calibration/data/daily_observations.csv

Done!

=== Daily Collection Run ===
Time: 2026-04-18 21:03 UTC

Backfilling past results...
  Nothing to backfill yet

Fetching open buckets...

=== Daily Collection Run ===
Time: 2026-04-19 21:00 UTC

Backfilling past results...
  Backfilled 16 fields

Fetching open buckets...
  Found 4 range buckets
  Target date: 2026-04-20

Fetching NWS forecast...
  NWS predicted high: 52°F

Collecting bucket prices...
  60-61°  price=0.005  
  58-59°  price=0.005  
  56-57°  price=0.005  
  54-55°  price=0.005  

Saving...
  Wrote 4 rows to /Users/ankhbayarbatkhurel/kalshi-calibration/data/daily_observations.csv

Done!

=== Daily Collection Run ===
Time: 2026-04-20 21:00 UTC

Backfilling past results...
  Nothing to backfill yet

Fetching open buckets...

=== Daily Collection Run ===
Time: 2026-04-21 21:00 UTC

Backfilling past results...
  Backfilled 4 fields

Fetching open buckets...
  Found 4 range buckets
  Target date: 2026-04-22

Fetching NWS forecast...
  NWS predicted high: 56°F

Collecting bucket prices...
  57-58°  price=0.005  
  55-56°  price=0.005  ← NWS target
  53-54°  price=0.995  
  51-52°  price=0.005  

Saving...
  Wrote 4 rows to /Users/ankhbayarbatkhurel/kalshi-calibration/data/daily_observations.csv

Done!

=== Daily Collection Run ===
Time: 2026-04-22 21:00 UTC

Backfilling past results...
  Backfilled 12 fields

Fetching open buckets...
  Found 4 range buckets
  Target date: 2026-04-23

Fetching NWS forecast...
  NWS predicted high: 67°F

Collecting bucket prices...
  63-64°  price=0.005  
  61-62°  price=0.005  
  59-60°  price=0.01  
  57-58°  price=0.04  

Saving...
  Wrote 4 rows to /Users/ankhbayarbatkhurel/kalshi-calibration/data/daily_observations.csv

Done!

=== Daily Collection Run ===
Time: 2026-04-23 21:00 UTC

Backfilling past results...
  Backfilled 4 fields

Fetching open buckets...
  Found 4 range buckets
  Target date: 2026-04-24

Fetching NWS forecast...
  NWS predicted high: 61°F

Collecting bucket prices...
  74-75°  price=0.065  
  72-73°  price=0.95  
  70-71°  price=0.005  
  68-69°  price=0.005  

Saving...
  Wrote 4 rows to /Users/ankhbayarbatkhurel/kalshi-calibration/data/daily_observations.csv

Done!

=== Daily Collection Run ===
Time: 2026-04-24 21:00 UTC

Backfilling past results...
  Backfilled 8 fields

Fetching open buckets...
  Found 4 range buckets
  Target date: 2026-04-25

Fetching NWS forecast...
  NWS predicted high: 50°F

Collecting bucket prices...
  66-67°  price=0.005  
  64-65°  price=0.005  
  62-63°  price=0.005  
  60-61°  price=0.005  

Saving...
  Wrote 4 rows to /Users/ankhbayarbatkhurel/kalshi-calibration/data/daily_observations.csv

Done!

=== Daily Collection Run ===
Time: 2026-04-25 21:00 UTC

Backfilling past results...
  Backfilled 4 fields

Fetching open buckets...
  Found 4 range buckets
  Target date: 2026-04-26

Fetching NWS forecast...
  NWS predicted high: 53°F

Collecting bucket prices...
  57-58°  price=0.005  
  55-56°  price=0.005  
  53-54°  price=0.005  ← NWS target
  51-52°  price=0.005  

Saving...
  Wrote 4 rows to /Users/ankhbayarbatkhurel/kalshi-calibration/data/daily_observations.csv

Done!

=== Daily Collection Run ===
Time: 2026-04-26 21:08 UTC

Backfilling past results...
  Nothing to backfill yet

Fetching open buckets...

=== Daily Collection Run ===
Time: 2026-04-27 21:00 UTC

Backfilling past results...
  Backfilled 8 fields

Fetching open buckets...
  Found 4 range buckets
  Target date: 2026-04-28

Fetching NWS forecast...
  NWS predicted high: 57°F

Collecting bucket prices...
  68-69°  price=0.995  
  66-67°  price=0.005  
  64-65°  price=0.005  
  62-63°  price=0.005  

Saving...
  Wrote 4 rows to /Users/ankhbayarbatkhurel/kalshi-calibration/data/daily_observations.csv

Done!

=== Daily Collection Run ===
Time: 2026-04-28 21:00 UTC

Backfilling past results...
  Backfilled 8 fields

Fetching open buckets...
  Found 4 range buckets
  Target date: 2026-04-29

Fetching NWS forecast...
  NWS predicted high: 55°F

Collecting bucket prices...
  65-66°  price=0.995  
  63-64°  price=0.005  
  61-62°  price=0.005  
  59-60°  price=0.005  

Saving...
  Wrote 4 rows to /Users/ankhbayarbatkhurel/kalshi-calibration/data/daily_observations.csv

Done!

=== Daily Collection Run ===
Time: 2026-04-29 23:00 UTC

Backfilling past results...
  Backfilled 12 fields

Fetching open buckets...
  Found 4 range buckets
  Target date: 2026-04-30

Fetching NWS forecast...
  NWS predicted high: 60°F

Collecting bucket prices...
  62-63°  price=0.995  
  60-61°  price=0.005  ← NWS target
  58-59°  price=0.005  
  56-57°  price=0.005  

Saving...
  No new rows to write (already collected today)

Done!

=== Daily Collection Run ===
Time: 2026-04-30 23:00 UTC

Backfilling past results...
  Backfilled 4 fields

Fetching open buckets...
  Found 4 range buckets
  Target date: 2026-05-01

Fetching NWS forecast...
  NWS predicted high: 61°F

Collecting bucket prices...
  67-68°  price=0.005  
  65-66°  price=0.005  
  63-64°  price=0.025  
  61-62°  price=0.28  ← NWS target

Saving...
  Wrote 4 rows to /Users/ankhbayarbatkhurel/kalshi-calibration/data/daily_observations.csv

Done!

=== Daily Collection Run ===
Time: 2026-05-01 23:59 UTC

Backfilling past results...
  Nothing to backfill yet

Fetching open buckets...

=== Daily Collection Run ===
Time: 2026-05-02 23:21 UTC

Backfilling past results...
  Backfilled 12 fields

Fetching open buckets...

=== Daily Collection Run ===
Time: 2026-05-03 23:00 UTC

Backfilling past results...
  Backfilled 8 fields

Fetching open buckets...
  Found 4 range buckets
  Target date: 2026-05-04

Fetching NWS forecast...
  NWS predicted high: 67°F

Collecting bucket prices...
  65-66°  price=0.005  
  63-64°  price=0.005  
  61-62°  price=0.045  
  59-60°  price=0.955  

Saving...
  Wrote 4 rows to /Users/ankhbayarbatkhurel/kalshi-calibration/data/daily_observations.csv

Done!

=== Daily Collection Run ===
Time: 2026-05-04 23:21 UTC

Backfilling past results...
  Nothing to backfill yet

Fetching open buckets...

=== Daily Collection Run ===
Time: 2026-05-05 23:00 UTC

Backfilling past results...
  Backfilled 12 fields

Fetching open buckets...
  Found 4 range buckets
  Target date: 2026-05-06

Fetching NWS forecast...
  NWS predicted high: 68°F

Collecting bucket prices...
  83-84°  price=0.015  
  81-82°  price=0.985  
  79-80°  price=0.005  
  77-78°  price=0.005  

Saving...
  Wrote 4 rows to /Users/ankhbayarbatkhurel/kalshi-calibration/data/daily_observations.csv

Done!

=== Daily Collection Run ===
Time: 2026-05-06 23:00 UTC

Backfilling past results...
  Backfilled 4 fields

Fetching open buckets...
  Found 4 range buckets
  Target date: 2026-05-07

Fetching NWS forecast...
  NWS predicted high: 63°F

Collecting bucket prices...
  73-74°  price=0.005  
  71-72°  price=0.995  
  69-70°  price=0.005  
  67-68°  price=0.005  

Saving...
  Wrote 4 rows to /Users/ankhbayarbatkhurel/kalshi-calibration/data/daily_observations.csv

Done!

=== Daily Collection Run ===
Time: 2026-05-07 23:00 UTC

Backfilling past results...
  Nothing to backfill yet

Fetching open buckets...
  Found 4 range buckets
  Target date: 2026-05-08

Fetching NWS forecast...
  NWS predicted high: 62°F

Collecting bucket prices...
  70-71°  price=0.005  
  68-69°  price=0.005  
  66-67°  price=0.005  
  64-65°  price=0.995  

Saving...
  No new rows to write (already collected today)

Done!

=== Collection Run — 2026-05-08 23:25 UTC ===

Backfilling past results...
  Error backfilling KXHIGHNY-26MAY02-B58.5: HTTPSConnectionPool(host='api.elections.kalshi.com', port=443): Max retries exceeded with url: /trade-api/v2/markets/KXHIGHNY-26MAY02-B58.5 (Caused by NameResolutionError("HTTPSConnection(host='api.elections.kalshi.com', port=443): Failed to resolve 'api.elections.kalshi.com' ([Errno 8] nodename nor servname provided, or not known)"))
  Error backfilling KXHIGHNY-26MAY02-B60.5: HTTPSConnectionPool(host='api.elections.kalshi.com', port=443): Max retries exceeded with url: /trade-api/v2/markets/KXHIGHNY-26MAY02-B60.5 (Caused by NameResolutionError("HTTPSConnection(host='api.elections.kalshi.com', port=443): Failed to resolve 'api.elections.kalshi.com' ([Errno 8] nodename nor servname provided, or not known)"))
  Error backfilling KXHIGHNY-26MAY02-B62.5: HTTPSConnectionPool(host='api.elections.kalshi.com', port=443): Max retries exceeded with url: /trade-api/v2/markets/KXHIGHNY-26MAY02-B62.5 (Caused by NameResolutionError("HTTPSConnection(host='api.elections.kalshi.com', port=443): Failed to resolve 'api.elections.kalshi.com' ([Errno 8] nodename nor servname provided, or not known)"))
  Error backfilling KXHIGHNY-26MAY02-B64.5: HTTPSConnectionPool(host='api.elections.kalshi.com', port=443): Max retries exceeded with url: /trade-api/v2/markets/KXHIGHNY-26MAY02-B64.5 (Caused by NameResolutionError("HTTPSConnection(host='api.elections.kalshi.com', port=443): Failed to resolve 'api.elections.kalshi.com' ([Errno 8] nodename nor servname provided, or not known)"))
  Error backfilling KXHIGHNY-26MAY03-B59.5: HTTPSConnectionPool(host='api.elections.kalshi.com', port=443): Max retries exceeded with url: /trade-api/v2/markets/KXHIGHNY-26MAY03-B59.5 (Caused by NameResolutionError("HTTPSConnection(host='api.elections.kalshi.com', port=443): Failed to resolve 'api.elections.kalshi.com' ([Errno 8] nodename nor servname provided, or not known)"))
  Error backfilling KXHIGHNY-26MAY03-B61.5: HTTPSConnectionPool(host='api.elections.kalshi.com', port=443): Max retries exceeded with url: /trade-api/v2/markets/KXHIGHNY-26MAY03-B61.5 (Caused by NameResolutionError("HTTPSConnection(host='api.elections.kalshi.com', port=443): Failed to resolve 'api.elections.kalshi.com' ([Errno 8] nodename nor servname provided, or not known)"))
  Error backfilling KXHIGHNY-26MAY03-B63.5: HTTPSConnectionPool(host='api.elections.kalshi.com', port=443): Max retries exceeded with url: /trade-api/v2/markets/KXHIGHNY-26MAY03-B63.5 (Caused by NameResolutionError("HTTPSConnection(host='api.elections.kalshi.com', port=443): Failed to resolve 'api.elections.kalshi.com' ([Errno 8] nodename nor servname provided, or not known)"))
  Error backfilling KXHIGHNY-26MAY03-B65.5: HTTPSConnectionPool(host='api.elections.kalshi.com', port=443): Max retries exceeded with url: /trade-api/v2/markets/KXHIGHNY-26MAY03-B65.5 (Caused by NameResolutionError("HTTPSConnection(host='api.elections.kalshi.com', port=443): Failed to resolve 'api.elections.kalshi.com' ([Errno 8] nodename nor servname provided, or not known)"))
  Error backfilling KXHIGHNY-26MAY05-B77.5: HTTPSConnectionPool(host='api.elections.kalshi.com', port=443): Max retries exceeded with url: /trade-api/v2/markets/KXHIGHNY-26MAY05-B77.5 (Caused by NameResolutionError("HTTPSConnection(host='api.elections.kalshi.com', port=443): Failed to resolve 'api.elections.kalshi.com' ([Errno 8] nodename nor servname provided, or not known)"))
  Error backfilling KXHIGHNY-26MAY05-B79.5: HTTPSConnectionPool(host='api.elections.kalshi.com', port=443): Max retries exceeded with url: /trade-api/v2/markets/KXHIGHNY-26MAY05-B79.5 (Caused by NameResolutionError("HTTPSConnection(host='api.elections.kalshi.com', port=443): Failed to resolve 'api.elections.kalshi.com' ([Errno 8] nodename nor servname provided, or not known)"))
  Error backfilling KXHIGHNY-26MAY05-B81.5: HTTPSConnectionPool(host='api.elections.kalshi.com', port=443): Max retries exceeded with url: /trade-api/v2/markets/KXHIGHNY-26MAY05-B81.5 (Caused by NameResolutionError("HTTPSConnection(host='api.elections.kalshi.com', port=443): Failed to resolve 'api.elections.kalshi.com' ([Errno 8] nodename nor servname provided, or not known)"))
  Error backfilling KXHIGHNY-26MAY05-B83.5: HTTPSConnectionPool(host='api.elections.kalshi.com', port=443): Max retries exceeded with url: /trade-api/v2/markets/KXHIGHNY-26MAY05-B83.5 (Caused by NameResolutionError("HTTPSConnection(host='api.elections.kalshi.com', port=443): Failed to resolve 'api.elections.kalshi.com' ([Errno 8] nodename nor servname provided, or not known)"))
  Error backfilling KXHIGHNY-26MAY06-B67.5: HTTPSConnectionPool(host='api.elections.kalshi.com', port=443): Max retries exceeded with url: /trade-api/v2/markets/KXHIGHNY-26MAY06-B67.5 (Caused by NameResolutionError("HTTPSConnection(host='api.elections.kalshi.com', port=443): Failed to resolve 'api.elections.kalshi.com' ([Errno 8] nodename nor servname provided, or not known)"))
  Error backfilling KXHIGHNY-26MAY06-B69.5: HTTPSConnectionPool(host='api.elections.kalshi.com', port=443): Max retries exceeded with url: /trade-api/v2/markets/KXHIGHNY-26MAY06-B69.5 (Caused by NameResolutionError("HTTPSConnection(host='api.elections.kalshi.com', port=443): Failed to resolve 'api.elections.kalshi.com' ([Errno 8] nodename nor servname provided, or not known)"))
  Error backfilling KXHIGHNY-26MAY06-B71.5: HTTPSConnectionPool(host='api.elections.kalshi.com', port=443): Max retries exceeded with url: /trade-api/v2/markets/KXHIGHNY-26MAY06-B71.5 (Caused by NameResolutionError("HTTPSConnection(host='api.elections.kalshi.com', port=443): Failed to resolve 'api.elections.kalshi.com' ([Errno 8] nodename nor servname provided, or not known)"))
  Error backfilling KXHIGHNY-26MAY06-B73.5: HTTPSConnectionPool(host='api.elections.kalshi.com', port=443): Max retries exceeded with url: /trade-api/v2/markets/KXHIGHNY-26MAY06-B73.5 (Caused by NameResolutionError("HTTPSConnection(host='api.elections.kalshi.com', port=443): Failed to resolve 'api.elections.kalshi.com' ([Errno 8] nodename nor servname provided, or not known)"))
  Error backfilling KXHIGHNY-26MAY07-B64.5: HTTPSConnectionPool(host='api.elections.kalshi.com', port=443): Max retries exceeded with url: /trade-api/v2/markets/KXHIGHNY-26MAY07-B64.5 (Caused by NameResolutionError("HTTPSConnection(host='api.elections.kalshi.com', port=443): Failed to resolve 'api.elections.kalshi.com' ([Errno 8] nodename nor servname provided, or not known)"))
  Error backfilling KXHIGHNY-26MAY07-B66.5: HTTPSConnectionPool(host='api.elections.kalshi.com', port=443): Max retries exceeded with url: /trade-api/v2/markets/KXHIGHNY-26MAY07-B66.5 (Caused by NameResolutionError("HTTPSConnection(host='api.elections.kalshi.com', port=443): Failed to resolve 'api.elections.kalshi.com' ([Errno 8] nodename nor servname provided, or not known)"))
  Error backfilling KXHIGHNY-26MAY07-B68.5: HTTPSConnectionPool(host='api.elections.kalshi.com', port=443): Max retries exceeded with url: /trade-api/v2/markets/KXHIGHNY-26MAY07-B68.5 (Caused by NameResolutionError("HTTPSConnection(host='api.elections.kalshi.com', port=443): Failed to resolve 'api.elections.kalshi.com' ([Errno 8] nodename nor servname provided, or not known)"))
  Error backfilling KXHIGHNY-26MAY07-B70.5: HTTPSConnectionPool(host='api.elections.kalshi.com', port=443): Max retries exceeded with url: /trade-api/v2/markets/KXHIGHNY-26MAY07-B70.5 (Caused by NameResolutionError("HTTPSConnection(host='api.elections.kalshi.com', port=443): Failed to resolve 'api.elections.kalshi.com' ([Errno 8] nodename nor servname provided, or not known)"))
  Error backfilling KXHIGHNY-26MAY08-B64.5: HTTPSConnectionPool(host='api.elections.kalshi.com', port=443): Max retries exceeded with url: /trade-api/v2/markets/KXHIGHNY-26MAY08-B64.5 (Caused by NameResolutionError("HTTPSConnection(host='api.elections.kalshi.com', port=443): Failed to resolve 'api.elections.kalshi.com' ([Errno 8] nodename nor servname provided, or not known)"))
  Error backfilling KXHIGHNY-26MAY08-B66.5: HTTPSConnectionPool(host='api.elections.kalshi.com', port=443): Max retries exceeded with url: /trade-api/v2/markets/KXHIGHNY-26MAY08-B66.5 (Caused by NameResolutionError("HTTPSConnection(host='api.elections.kalshi.com', port=443): Failed to resolve 'api.elections.kalshi.com' ([Errno 8] nodename nor servname provided, or not known)"))
  Error backfilling KXHIGHNY-26MAY08-B68.5: HTTPSConnectionPool(host='api.elections.kalshi.com', port=443): Max retries exceeded with url: /trade-api/v2/markets/KXHIGHNY-26MAY08-B68.5 (Caused by NameResolutionError("HTTPSConnection(host='api.elections.kalshi.com', port=443): Failed to resolve 'api.elections.kalshi.com' ([Errno 8] nodename nor servname provided, or not known)"))
  Error backfilling KXHIGHNY-26MAY08-B70.5: HTTPSConnectionPool(host='api.elections.kalshi.com', port=443): Max retries exceeded with url: /trade-api/v2/markets/KXHIGHNY-26MAY08-B70.5 (Caused by NameResolutionError("HTTPSConnection(host='api.elections.kalshi.com', port=443): Failed to resolve 'api.elections.kalshi.com' ([Errno 8] nodename nor servname provided, or not known)"))

Fetching open buckets...
============================================================
KALSHI DAILY RUNNER
Time: 2026-05-09 21:06 UTC (09:06 PM UTC)
============================================================

📊 Step 1: Updating P&L...

=======================================================
P&L SUMMARY — LIVE TRADES
=======================================================

  Timestamp              Ticker                         Side    Cost      P&L Status
  ------------------------------------------------------------------------------------------
  2026-05-08 05:57 UTC   KXHIGHNY-26MAY08-T64           yes   $ 0.93  pending  ⏳
  2026-05-08 06:03 UTC   KXHIGHNY-26MAY08-B64.5         no    $ 1.22  pending  ⏳
  2026-05-08 06:05 UTC   KXHIGHNY-26MAY08-B64.5         no    $ 1.22  pending  ⏳
  2026-05-08 06:08 UTC   KXHIGHNY-26MAY08-B64.5         no    $ 0.62  pending  ⏳

  Total invested:  $3.99
  Settled trades:  0
  Pending trades:  4

=== Collection Run — 2026-05-09 23:00 UTC ===

Backfilling past results...
  Backfilled KXHIGHNY-26MAY08-B64.5: result=no actual=None
  Backfilled KXHIGHNY-26MAY08-B66.5: result=no actual=None
  Backfilled KXHIGHNY-26MAY08-B68.5: result=no actual=None
  Backfilled KXHIGHNY-26MAY08-B70.5: result=no actual=None

Fetching open buckets...
  Found 4 buckets for 2026-05-10

Fetching NWS forecast...
  NWS high: 70°F

Saving observations...
  67-68°  0.005  
  65-66°  0.995  
  63-64°  0.005  
  61-62°  0.005  

  4 buckets processed (duplicates skipped by DB)
Done!
============================================================
KALSHI DAILY RUNNER
Time: 2026-05-10 00:08 UTC (12:08 AM UTC)
============================================================

📊 Step 1: Updating P&L...

=======================================================
P&L SUMMARY — LIVE TRADES
=======================================================

  Timestamp              Ticker                         Side    Cost      P&L Status
  ------------------------------------------------------------------------------------------
  2026-05-08 05:57 UTC   KXHIGHNY-26MAY08-T64           yes   $ 0.93   $+1.00  ✅ WIN
  2026-05-08 06:03 UTC   KXHIGHNY-26MAY08-B64.5         no    $ 1.22   $-0.09  ❌ LOSS
  2026-05-08 06:05 UTC   KXHIGHNY-26MAY08-B64.5         no    $ 1.22   $-0.09  ❌ LOSS
  2026-05-08 06:08 UTC   KXHIGHNY-26MAY08-B64.5         no    $ 0.62   $-0.04  ❌ LOSS

  Total invested:  $3.99
  Settled trades:  4
  Pending trades:  0
  Win rate:        1/4 (25%)
  Realized P&L:    $+0.78
  ROI:             +19.6%
============================================================
KALSHI DAILY RUNNER
Time: 2026-05-10 02:00 UTC (02:00 AM UTC)
============================================================

📊 Step 1: Updating P&L...

=======================================================
P&L SUMMARY — LIVE TRADES
=======================================================

  Timestamp              Ticker                         Side    Cost      P&L Status
  ------------------------------------------------------------------------------------------
  2026-05-08 05:57 UTC   KXHIGHNY-26MAY08-T64           yes   $ 0.93   $+1.00  ✅ WIN
  2026-05-08 06:03 UTC   KXHIGHNY-26MAY08-B64.5         no    $ 1.22   $-0.09  ❌ LOSS
  2026-05-08 06:05 UTC   KXHIGHNY-26MAY08-B64.5         no    $ 1.22   $-0.09  ❌ LOSS
  2026-05-08 06:08 UTC   KXHIGHNY-26MAY08-B64.5         no    $ 0.62   $-0.04  ❌ LOSS

  Total invested:  $3.99
  Settled trades:  4
  Pending trades:  0
  Win rate:        1/4 (25%)
  Realized P&L:    $+0.78
  ROI:             +19.6%

💰 Current balance: $15.03

📥 Step 2: Collecting market data...
  Target date: 2026-05-10
  NWS forecast: 70°F
  Already collected today

🧮 Step 3: Running fair value model...
  ⚠️  Market near resolution — no signals today
  Run before noon ET for actionable signals
============================================================
KALSHI DAILY RUNNER
Time: 2026-05-10 21:06 UTC (09:06 PM UTC)
============================================================

📊 Step 1: Updating P&L...

=======================================================
P&L SUMMARY — LIVE TRADES
=======================================================

  Timestamp              Ticker                         Side    Cost      P&L Status
  ------------------------------------------------------------------------------------------
  2026-05-08 05:57 UTC   KXHIGHNY-26MAY08-T64           yes   $ 0.93   $+1.00  ✅ WIN
  2026-05-08 06:03 UTC   KXHIGHNY-26MAY08-B64.5         no    $ 1.22   $-0.09  ❌ LOSS
  2026-05-08 06:05 UTC   KXHIGHNY-26MAY08-B64.5         no    $ 1.22   $-0.09  ❌ LOSS
  2026-05-08 06:08 UTC   KXHIGHNY-26MAY08-B64.5         no    $ 0.62   $-0.04  ❌ LOSS

  Total invested:  $3.99
  Settled trades:  4
  Pending trades:  0
  Win rate:        1/4 (25%)
  Realized P&L:    $+0.78
  ROI:             +19.6%

=== Collection Run — 2026-05-10 23:00 UTC ===

Backfilling past results...
  Backfilled KXHIGHNY-26MAY09-B61.5: result=no actual=None
  Backfilled KXHIGHNY-26MAY09-B63.5: result=no actual=None
  Backfilled KXHIGHNY-26MAY09-B65.5: result=yes actual=None
  Backfilled KXHIGHNY-26MAY09-B67.5: result=no actual=None

Fetching open buckets...
  Found 4 buckets for 2026-05-11

Fetching NWS forecast...
  NWS high: 61°F

Saving observations...
  78-79°  0.005  
  76-77°  0.005  
  74-75°  0.005  
  72-73°  0.995  

  4 buckets processed (duplicates skipped by DB)
Done!
============================================================
KALSHI DAILY RUNNER
Time: 2026-05-11 00:00 UTC (12:00 AM UTC)
============================================================

📊 Step 1: Updating P&L...

=======================================================
P&L SUMMARY — LIVE TRADES
=======================================================

  Timestamp              Ticker                         Side    Cost      P&L Status
  ------------------------------------------------------------------------------------------
  2026-05-08 05:57 UTC   KXHIGHNY-26MAY08-T64           yes   $ 0.93   $+1.00  ✅ WIN
  2026-05-08 06:03 UTC   KXHIGHNY-26MAY08-B64.5         no    $ 1.22   $-0.09  ❌ LOSS
  2026-05-08 06:05 UTC   KXHIGHNY-26MAY08-B64.5         no    $ 1.22   $-0.09  ❌ LOSS
  2026-05-08 06:08 UTC   KXHIGHNY-26MAY08-B64.5         no    $ 0.62   $-0.04  ❌ LOSS

  Total invested:  $3.99
  Settled trades:  4
  Pending trades:  0
  Win rate:        1/4 (25%)
  Realized P&L:    $+0.78
  ROI:             +19.6%

💰 Current balance: $15.03

📥 Step 2: Collecting market data...
  Target date: 2026-05-11
  NWS forecast: 61°F
  Already collected today

🧮 Step 3: Running fair value model...
  ⚠️  Market near resolution — no signals today
  Run before noon ET for actionable signals
============================================================
KALSHI DAILY RUNNER
Time: 2026-05-11 02:00 UTC (02:00 AM UTC)
============================================================

📊 Step 1: Updating P&L...

=======================================================
P&L SUMMARY — LIVE TRADES
=======================================================

  Timestamp              Ticker                         Side    Cost      P&L Status
  ------------------------------------------------------------------------------------------
  2026-05-08 05:57 UTC   KXHIGHNY-26MAY08-T64           yes   $ 0.93   $+1.00  ✅ WIN
  2026-05-08 06:03 UTC   KXHIGHNY-26MAY08-B64.5         no    $ 1.22   $-0.09  ❌ LOSS
  2026-05-08 06:05 UTC   KXHIGHNY-26MAY08-B64.5         no    $ 1.22   $-0.09  ❌ LOSS
  2026-05-08 06:08 UTC   KXHIGHNY-26MAY08-B64.5         no    $ 0.62   $-0.04  ❌ LOSS

  Total invested:  $3.99
  Settled trades:  4
  Pending trades:  0
  Win rate:        1/4 (25%)
  Realized P&L:    $+0.78
  ROI:             +19.6%

💰 Current balance: $15.03

📥 Step 2: Collecting market data...
  Target date: 2026-05-11
  NWS forecast: 61°F
  Already collected today

🧮 Step 3: Running fair value model...
  ⚠️  Market near resolution — no signals today
  Run before noon ET for actionable signals
============================================================
KALSHI DAILY RUNNER
Time: 2026-05-11 21:00 UTC (09:00 PM UTC)
============================================================

📊 Step 1: Updating P&L...

=======================================================
P&L SUMMARY — LIVE TRADES
=======================================================

  Timestamp              Ticker                         Side    Cost      P&L Status
  ------------------------------------------------------------------------------------------
  2026-05-08 05:57 UTC   KXHIGHNY-26MAY08-T64           yes   $ 0.93   $+1.00  ✅ WIN
  2026-05-08 06:03 UTC   KXHIGHNY-26MAY08-B64.5         no    $ 1.22   $-0.09  ❌ LOSS
  2026-05-08 06:05 UTC   KXHIGHNY-26MAY08-B64.5         no    $ 1.22   $-0.09  ❌ LOSS
  2026-05-08 06:08 UTC   KXHIGHNY-26MAY08-B64.5         no    $ 0.62   $-0.04  ❌ LOSS

  Total invested:  $3.99
  Settled trades:  4
  Pending trades:  0
  Win rate:        1/4 (25%)
  Realized P&L:    $+0.78
  ROI:             +19.6%

💰 Current balance: $15.03

📥 Step 2: Collecting market data...
  Target date: 2026-05-12
  NWS forecast: 63°F
  Saved 4 new observations

🧮 Step 3: Running fair value model...
  Market implied: 60.4°F ± 1.3°F
  NWS forecast:   63°F
  Posterior:      60.4°F ± 1.4°F
  Divergence:     +2.6°F

⚡ Step 4: Signal detection...
  No trades recommended today

=== Collection Run — 2026-05-11 23:16 UTC ===

Backfilling past results...
  Error backfilling KXHIGHNY-26MAY02-B58.5: HTTPSConnectionPool(host='api.elections.kalshi.com', port=443): Max retries exceeded with url: /trade-api/v2/markets/KXHIGHNY-26MAY02-B58.5 (Caused by NameResolutionError("HTTPSConnection(host='api.elections.kalshi.com', port=443): Failed to resolve 'api.elections.kalshi.com' ([Errno 8] nodename nor servname provided, or not known)"))
  Error backfilling KXHIGHNY-26MAY02-B60.5: HTTPSConnectionPool(host='api.elections.kalshi.com', port=443): Max retries exceeded with url: /trade-api/v2/markets/KXHIGHNY-26MAY02-B60.5 (Caused by NameResolutionError("HTTPSConnection(host='api.elections.kalshi.com', port=443): Failed to resolve 'api.elections.kalshi.com' ([Errno 8] nodename nor servname provided, or not known)"))
  Error backfilling KXHIGHNY-26MAY02-B62.5: HTTPSConnectionPool(host='api.elections.kalshi.com', port=443): Max retries exceeded with url: /trade-api/v2/markets/KXHIGHNY-26MAY02-B62.5 (Caused by NameResolutionError("HTTPSConnection(host='api.elections.kalshi.com', port=443): Failed to resolve 'api.elections.kalshi.com' ([Errno 8] nodename nor servname provided, or not known)"))
  Error backfilling KXHIGHNY-26MAY02-B64.5: HTTPSConnectionPool(host='api.elections.kalshi.com', port=443): Max retries exceeded with url: /trade-api/v2/markets/KXHIGHNY-26MAY02-B64.5 (Caused by NameResolutionError("HTTPSConnection(host='api.elections.kalshi.com', port=443): Failed to resolve 'api.elections.kalshi.com' ([Errno 8] nodename nor servname provided, or not known)"))
  Error backfilling KXHIGHNY-26MAY03-B59.5: HTTPSConnectionPool(host='api.elections.kalshi.com', port=443): Max retries exceeded with url: /trade-api/v2/markets/KXHIGHNY-26MAY03-B59.5 (Caused by NameResolutionError("HTTPSConnection(host='api.elections.kalshi.com', port=443): Failed to resolve 'api.elections.kalshi.com' ([Errno 8] nodename nor servname provided, or not known)"))
  Error backfilling KXHIGHNY-26MAY03-B61.5: HTTPSConnectionPool(host='api.elections.kalshi.com', port=443): Max retries exceeded with url: /trade-api/v2/markets/KXHIGHNY-26MAY03-B61.5 (Caused by NameResolutionError("HTTPSConnection(host='api.elections.kalshi.com', port=443): Failed to resolve 'api.elections.kalshi.com' ([Errno 8] nodename nor servname provided, or not known)"))
  Error backfilling KXHIGHNY-26MAY03-B63.5: HTTPSConnectionPool(host='api.elections.kalshi.com', port=443): Max retries exceeded with url: /trade-api/v2/markets/KXHIGHNY-26MAY03-B63.5 (Caused by NameResolutionError("HTTPSConnection(host='api.elections.kalshi.com', port=443): Failed to resolve 'api.elections.kalshi.com' ([Errno 8] nodename nor servname provided, or not known)"))
  Error backfilling KXHIGHNY-26MAY03-B65.5: HTTPSConnectionPool(host='api.elections.kalshi.com', port=443): Max retries exceeded with url: /trade-api/v2/markets/KXHIGHNY-26MAY03-B65.5 (Caused by NameResolutionError("HTTPSConnection(host='api.elections.kalshi.com', port=443): Failed to resolve 'api.elections.kalshi.com' ([Errno 8] nodename nor servname provided, or not known)"))
  Error backfilling KXHIGHNY-26MAY05-B77.5: HTTPSConnectionPool(host='api.elections.kalshi.com', port=443): Max retries exceeded with url: /trade-api/v2/markets/KXHIGHNY-26MAY05-B77.5 (Caused by NameResolutionError("HTTPSConnection(host='api.elections.kalshi.com', port=443): Failed to resolve 'api.elections.kalshi.com' ([Errno 8] nodename nor servname provided, or not known)"))
  Error backfilling KXHIGHNY-26MAY05-B79.5: HTTPSConnectionPool(host='api.elections.kalshi.com', port=443): Max retries exceeded with url: /trade-api/v2/markets/KXHIGHNY-26MAY05-B79.5 (Caused by NameResolutionError("HTTPSConnection(host='api.elections.kalshi.com', port=443): Failed to resolve 'api.elections.kalshi.com' ([Errno 8] nodename nor servname provided, or not known)"))
  Error backfilling KXHIGHNY-26MAY05-B81.5: HTTPSConnectionPool(host='api.elections.kalshi.com', port=443): Max retries exceeded with url: /trade-api/v2/markets/KXHIGHNY-26MAY05-B81.5 (Caused by NameResolutionError("HTTPSConnection(host='api.elections.kalshi.com', port=443): Failed to resolve 'api.elections.kalshi.com' ([Errno 8] nodename nor servname provided, or not known)"))
  Error backfilling KXHIGHNY-26MAY05-B83.5: HTTPSConnectionPool(host='api.elections.kalshi.com', port=443): Max retries exceeded with url: /trade-api/v2/markets/KXHIGHNY-26MAY05-B83.5 (Caused by NameResolutionError("HTTPSConnection(host='api.elections.kalshi.com', port=443): Failed to resolve 'api.elections.kalshi.com' ([Errno 8] nodename nor servname provided, or not known)"))
  Error backfilling KXHIGHNY-26MAY06-B67.5: HTTPSConnectionPool(host='api.elections.kalshi.com', port=443): Max retries exceeded with url: /trade-api/v2/markets/KXHIGHNY-26MAY06-B67.5 (Caused by NameResolutionError("HTTPSConnection(host='api.elections.kalshi.com', port=443): Failed to resolve 'api.elections.kalshi.com' ([Errno 8] nodename nor servname provided, or not known)"))
  Error backfilling KXHIGHNY-26MAY06-B69.5: HTTPSConnectionPool(host='api.elections.kalshi.com', port=443): Max retries exceeded with url: /trade-api/v2/markets/KXHIGHNY-26MAY06-B69.5 (Caused by NameResolutionError("HTTPSConnection(host='api.elections.kalshi.com', port=443): Failed to resolve 'api.elections.kalshi.com' ([Errno 8] nodename nor servname provided, or not known)"))
  Error backfilling KXHIGHNY-26MAY06-B71.5: HTTPSConnectionPool(host='api.elections.kalshi.com', port=443): Max retries exceeded with url: /trade-api/v2/markets/KXHIGHNY-26MAY06-B71.5 (Caused by NameResolutionError("HTTPSConnection(host='api.elections.kalshi.com', port=443): Failed to resolve 'api.elections.kalshi.com' ([Errno 8] nodename nor servname provided, or not known)"))
  Error backfilling KXHIGHNY-26MAY06-B73.5: HTTPSConnectionPool(host='api.elections.kalshi.com', port=443): Max retries exceeded with url: /trade-api/v2/markets/KXHIGHNY-26MAY06-B73.5 (Caused by NameResolutionError("HTTPSConnection(host='api.elections.kalshi.com', port=443): Failed to resolve 'api.elections.kalshi.com' ([Errno 8] nodename nor servname provided, or not known)"))
  Error backfilling KXHIGHNY-26MAY07-B64.5: HTTPSConnectionPool(host='api.elections.kalshi.com', port=443): Max retries exceeded with url: /trade-api/v2/markets/KXHIGHNY-26MAY07-B64.5 (Caused by NameResolutionError("HTTPSConnection(host='api.elections.kalshi.com', port=443): Failed to resolve 'api.elections.kalshi.com' ([Errno 8] nodename nor servname provided, or not known)"))
  Error backfilling KXHIGHNY-26MAY07-B66.5: HTTPSConnectionPool(host='api.elections.kalshi.com', port=443): Max retries exceeded with url: /trade-api/v2/markets/KXHIGHNY-26MAY07-B66.5 (Caused by NameResolutionError("HTTPSConnection(host='api.elections.kalshi.com', port=443): Failed to resolve 'api.elections.kalshi.com' ([Errno 8] nodename nor servname provided, or not known)"))
  Error backfilling KXHIGHNY-26MAY07-B68.5: HTTPSConnectionPool(host='api.elections.kalshi.com', port=443): Max retries exceeded with url: /trade-api/v2/markets/KXHIGHNY-26MAY07-B68.5 (Caused by NameResolutionError("HTTPSConnection(host='api.elections.kalshi.com', port=443): Failed to resolve 'api.elections.kalshi.com' ([Errno 8] nodename nor servname provided, or not known)"))
  Error backfilling KXHIGHNY-26MAY07-B70.5: HTTPSConnectionPool(host='api.elections.kalshi.com', port=443): Max retries exceeded with url: /trade-api/v2/markets/KXHIGHNY-26MAY07-B70.5 (Caused by NameResolutionError("HTTPSConnection(host='api.elections.kalshi.com', port=443): Failed to resolve 'api.elections.kalshi.com' ([Errno 8] nodename nor servname provided, or not known)"))
  Error backfilling KXHIGHNY-26MAY08-B64.5: HTTPSConnectionPool(host='api.elections.kalshi.com', port=443): Max retries exceeded with url: /trade-api/v2/markets/KXHIGHNY-26MAY08-B64.5 (Caused by NameResolutionError("HTTPSConnection(host='api.elections.kalshi.com', port=443): Failed to resolve 'api.elections.kalshi.com' ([Errno 8] nodename nor servname provided, or not known)"))
  Error backfilling KXHIGHNY-26MAY08-B66.5: HTTPSConnectionPool(host='api.elections.kalshi.com', port=443): Max retries exceeded with url: /trade-api/v2/markets/KXHIGHNY-26MAY08-B66.5 (Caused by NameResolutionError("HTTPSConnection(host='api.elections.kalshi.com', port=443): Failed to resolve 'api.elections.kalshi.com' ([Errno 8] nodename nor servname provided, or not known)"))
  Error backfilling KXHIGHNY-26MAY08-B68.5: HTTPSConnectionPool(host='api.elections.kalshi.com', port=443): Max retries exceeded with url: /trade-api/v2/markets/KXHIGHNY-26MAY08-B68.5 (Caused by NameResolutionError("HTTPSConnection(host='api.elections.kalshi.com', port=443): Failed to resolve 'api.elections.kalshi.com' ([Errno 8] nodename nor servname provided, or not known)"))
  Error backfilling KXHIGHNY-26MAY08-B70.5: HTTPSConnectionPool(host='api.elections.kalshi.com', port=443): Max retries exceeded with url: /trade-api/v2/markets/KXHIGHNY-26MAY08-B70.5 (Caused by NameResolutionError("HTTPSConnection(host='api.elections.kalshi.com', port=443): Failed to resolve 'api.elections.kalshi.com' ([Errno 8] nodename nor servname provided, or not known)"))
  Error backfilling KXHIGHNY-26MAY09-B61.5: HTTPSConnectionPool(host='api.elections.kalshi.com', port=443): Max retries exceeded with url: /trade-api/v2/markets/KXHIGHNY-26MAY09-B61.5 (Caused by NameResolutionError("HTTPSConnection(host='api.elections.kalshi.com', port=443): Failed to resolve 'api.elections.kalshi.com' ([Errno 8] nodename nor servname provided, or not known)"))
  Error backfilling KXHIGHNY-26MAY09-B63.5: HTTPSConnectionPool(host='api.elections.kalshi.com', port=443): Max retries exceeded with url: /trade-api/v2/markets/KXHIGHNY-26MAY09-B63.5 (Caused by NameResolutionError("HTTPSConnection(host='api.elections.kalshi.com', port=443): Failed to resolve 'api.elections.kalshi.com' ([Errno 8] nodename nor servname provided, or not known)"))
  Error backfilling KXHIGHNY-26MAY09-B65.5: HTTPSConnectionPool(host='api.elections.kalshi.com', port=443): Max retries exceeded with url: /trade-api/v2/markets/KXHIGHNY-26MAY09-B65.5 (Caused by NameResolutionError("HTTPSConnection(host='api.elections.kalshi.com', port=443): Failed to resolve 'api.elections.kalshi.com' ([Errno 8] nodename nor servname provided, or not known)"))
  Error backfilling KXHIGHNY-26MAY09-B67.5: HTTPSConnectionPool(host='api.elections.kalshi.com', port=443): Max retries exceeded with url: /trade-api/v2/markets/KXHIGHNY-26MAY09-B67.5 (Caused by NameResolutionError("HTTPSConnection(host='api.elections.kalshi.com', port=443): Failed to resolve 'api.elections.kalshi.com' ([Errno 8] nodename nor servname provided, or not known)"))
  Error backfilling KXHIGHNY-26MAY10-B72.5: HTTPSConnectionPool(host='api.elections.kalshi.com', port=443): Max retries exceeded with url: /trade-api/v2/markets/KXHIGHNY-26MAY10-B72.5 (Caused by NameResolutionError("HTTPSConnection(host='api.elections.kalshi.com', port=443): Failed to resolve 'api.elections.kalshi.com' ([Errno 8] nodename nor servname provided, or not known)"))
  Error backfilling KXHIGHNY-26MAY10-B74.5: HTTPSConnectionPool(host='api.elections.kalshi.com', port=443): Max retries exceeded with url: /trade-api/v2/markets/KXHIGHNY-26MAY10-B74.5 (Caused by NameResolutionError("HTTPSConnection(host='api.elections.kalshi.com', port=443): Failed to resolve 'api.elections.kalshi.com' ([Errno 8] nodename nor servname provided, or not known)"))
  Error backfilling KXHIGHNY-26MAY10-B76.5: HTTPSConnectionPool(host='api.elections.kalshi.com', port=443): Max retries exceeded with url: /trade-api/v2/markets/KXHIGHNY-26MAY10-B76.5 (Caused by NameResolutionError("HTTPSConnection(host='api.elections.kalshi.com', port=443): Failed to resolve 'api.elections.kalshi.com' ([Errno 8] nodename nor servname provided, or not known)"))
  Error backfilling KXHIGHNY-26MAY10-B78.5: HTTPSConnectionPool(host='api.elections.kalshi.com', port=443): Max retries exceeded with url: /trade-api/v2/markets/KXHIGHNY-26MAY10-B78.5 (Caused by NameResolutionError("HTTPSConnection(host='api.elections.kalshi.com', port=443): Failed to resolve 'api.elections.kalshi.com' ([Errno 8] nodename nor servname provided, or not known)"))

Fetching open buckets...
============================================================
KALSHI DAILY RUNNER
Time: 2026-05-12 00:00 UTC (12:00 AM UTC)
============================================================

📊 Step 1: Updating P&L...

=======================================================
P&L SUMMARY — LIVE TRADES
=======================================================

  Timestamp              Ticker                         Side    Cost      P&L Status
  ------------------------------------------------------------------------------------------
  2026-05-08 05:57 UTC   KXHIGHNY-26MAY08-T64           yes   $ 0.93   $+1.00  ✅ WIN
  2026-05-08 06:03 UTC   KXHIGHNY-26MAY08-B64.5         no    $ 1.22   $-0.09  ❌ LOSS
  2026-05-08 06:05 UTC   KXHIGHNY-26MAY08-B64.5         no    $ 1.22   $-0.09  ❌ LOSS
  2026-05-08 06:08 UTC   KXHIGHNY-26MAY08-B64.5         no    $ 0.62   $-0.04  ❌ LOSS

  Total invested:  $3.99
  Settled trades:  4
  Pending trades:  0
  Win rate:        1/4 (25%)
  Realized P&L:    $+0.78
  ROI:             +19.6%

💰 Current balance: $15.03

📥 Step 2: Collecting market data...
  Target date: 2026-05-12
  NWS forecast: 63°F
  Already collected today

🧮 Step 3: Running fair value model...
  ⚠️  Market near resolution — no signals today
  Run before noon ET for actionable signals
============================================================
KALSHI DAILY RUNNER
Time: 2026-05-12 02:02 UTC (02:02 AM UTC)
============================================================

📊 Step 1: Updating P&L...

=======================================================
P&L SUMMARY — LIVE TRADES
=======================================================

  Timestamp              Ticker                         Side    Cost      P&L Status
  ------------------------------------------------------------------------------------------
  2026-05-08 05:57 UTC   KXHIGHNY-26MAY08-T64           yes   $ 0.93   $+1.00  ✅ WIN
  2026-05-08 06:03 UTC   KXHIGHNY-26MAY08-B64.5         no    $ 1.22   $-0.09  ❌ LOSS
  2026-05-08 06:05 UTC   KXHIGHNY-26MAY08-B64.5         no    $ 1.22   $-0.09  ❌ LOSS
  2026-05-08 06:08 UTC   KXHIGHNY-26MAY08-B64.5         no    $ 0.62   $-0.04  ❌ LOSS

  Total invested:  $3.99
  Settled trades:  4
  Pending trades:  0
  Win rate:        1/4 (25%)
  Realized P&L:    $+0.78
  ROI:             +19.6%
============================================================
KALSHI DAILY RUNNER
Time: 2026-05-12 21:04 UTC (09:04 PM UTC)
============================================================

📊 Step 1: Updating P&L...

=======================================================
P&L SUMMARY — LIVE TRADES
=======================================================

  Timestamp              Ticker                         Side    Cost      P&L Status
  ------------------------------------------------------------------------------------------
  2026-05-08 05:57 UTC   KXHIGHNY-26MAY08-T64           yes   $ 0.93   $+1.00  ✅ WIN
  2026-05-08 06:03 UTC   KXHIGHNY-26MAY08-B64.5         no    $ 1.22   $-0.09  ❌ LOSS
  2026-05-08 06:05 UTC   KXHIGHNY-26MAY08-B64.5         no    $ 1.22   $-0.09  ❌ LOSS
  2026-05-08 06:08 UTC   KXHIGHNY-26MAY08-B64.5         no    $ 0.62   $-0.04  ❌ LOSS

  Total invested:  $3.99
  Settled trades:  4
  Pending trades:  0
  Win rate:        1/4 (25%)
  Realized P&L:    $+0.78
  ROI:             +19.6%

=== Collection Run — 2026-05-12 23:00 UTC ===

Backfilling past results...
  Backfilled KXHIGHNY-26MAY10-B72.5: result=yes actual=None
  Backfilled KXHIGHNY-26MAY10-B74.5: result=no actual=None
  Backfilled KXHIGHNY-26MAY10-B76.5: result=no actual=None
  Backfilled KXHIGHNY-26MAY10-B78.5: result=no actual=None

Fetching open buckets...
  Found 4 buckets for 2026-05-13

Fetching NWS forecast...
  NWS high: 64°F

Saving observations...
  72-73°  0.005  
  70-71°  0.005  
  68-69°  0.005  
  66-67°  0.995  

  4 buckets processed (duplicates skipped by DB)
Done!
============================================================
KALSHI DAILY RUNNER
Time: 2026-05-13 00:00 UTC (12:00 AM UTC)
============================================================

📊 Step 1: Updating P&L...

=======================================================
P&L SUMMARY — LIVE TRADES
=======================================================

  Timestamp              Ticker                         Side    Cost      P&L Status
  ------------------------------------------------------------------------------------------
  2026-05-08 05:57 UTC   KXHIGHNY-26MAY08-T64           yes   $ 0.93   $+1.00  ✅ WIN
  2026-05-08 06:03 UTC   KXHIGHNY-26MAY08-B64.5         no    $ 1.22   $-0.09  ❌ LOSS
  2026-05-08 06:05 UTC   KXHIGHNY-26MAY08-B64.5         no    $ 1.22   $-0.09  ❌ LOSS
  2026-05-08 06:08 UTC   KXHIGHNY-26MAY08-B64.5         no    $ 0.62   $-0.04  ❌ LOSS

  Total invested:  $3.99
  Settled trades:  4
  Pending trades:  0
  Win rate:        1/4 (25%)
  Realized P&L:    $+0.78
  ROI:             +19.6%
============================================================
KALSHI DAILY RUNNER
Time: 2026-05-13 02:30 UTC (02:30 AM UTC)
============================================================

📊 Step 1: Updating P&L...

=======================================================
P&L SUMMARY — LIVE TRADES
=======================================================

  Timestamp              Ticker                         Side    Cost      P&L Status
  ------------------------------------------------------------------------------------------
  2026-05-08 05:57 UTC   KXHIGHNY-26MAY08-T64           yes   $ 0.93   $+1.00  ✅ WIN
  2026-05-08 06:03 UTC   KXHIGHNY-26MAY08-B64.5         no    $ 1.22   $-0.09  ❌ LOSS
  2026-05-08 06:05 UTC   KXHIGHNY-26MAY08-B64.5         no    $ 1.22   $-0.09  ❌ LOSS
  2026-05-08 06:08 UTC   KXHIGHNY-26MAY08-B64.5         no    $ 0.62   $-0.04  ❌ LOSS

  Total invested:  $3.99
  Settled trades:  4
  Pending trades:  0
  Win rate:        1/4 (25%)
  Realized P&L:    $+0.78
  ROI:             +19.6%
============================================================
KALSHI DAILY RUNNER
Time: 2026-05-13 21:00 UTC (09:00 PM UTC)
============================================================

📊 Step 1: Updating P&L...

=======================================================
P&L SUMMARY — LIVE TRADES
=======================================================

  Timestamp              Ticker                         Side    Cost      P&L Status
  ------------------------------------------------------------------------------------------
  2026-05-08 05:57 UTC   KXHIGHNY-26MAY08-T64           yes   $ 0.93   $+1.00  ✅ WIN
  2026-05-08 06:03 UTC   KXHIGHNY-26MAY08-B64.5         no    $ 1.22   $-0.09  ❌ LOSS
  2026-05-08 06:05 UTC   KXHIGHNY-26MAY08-B64.5         no    $ 1.22   $-0.09  ❌ LOSS
  2026-05-08 06:08 UTC   KXHIGHNY-26MAY08-B64.5         no    $ 0.62   $-0.04  ❌ LOSS

  Total invested:  $3.99
  Settled trades:  4
  Pending trades:  0
  Win rate:        1/4 (25%)
  Realized P&L:    $+0.78
  ROI:             +19.6%

💰 Current balance: $15.03

📥 Step 2: Collecting market data...
  Target date: 2026-05-14
  NWS forecast: 62°F
  Already collected today

🧮 Step 3: Running fair value model...
  ⚠️  Market near resolution — no signals today
  Run before noon ET for actionable signals

=== Collection Run — 2026-05-13 23:00 UTC ===

Backfilling past results...
  Backfilled KXHIGHNY-26MAY12-B66.5: result=yes actual=None
  Backfilled KXHIGHNY-26MAY12-B68.5: result=no actual=None
  Backfilled KXHIGHNY-26MAY12-B70.5: result=no actual=None
  Backfilled KXHIGHNY-26MAY12-B72.5: result=no actual=None

Fetching open buckets...
  Found 4 buckets for 2026-05-14

Fetching NWS forecast...
  NWS high: 62°F

Saving observations...
  72-73°  0.995  
  70-71°  0.005  
  68-69°  0.005  
  66-67°  0.005  

  4 buckets processed (duplicates skipped by DB)
Done!
============================================================
KALSHI DAILY RUNNER
Time: 2026-05-14 00:15 UTC (12:15 AM UTC)
============================================================

📊 Step 1: Updating P&L...

=======================================================
P&L SUMMARY — LIVE TRADES
=======================================================

  Timestamp              Ticker                         Side    Cost      P&L Status
  ------------------------------------------------------------------------------------------
  2026-05-08 05:57 UTC   KXHIGHNY-26MAY08-T64           yes   $ 0.93   $+1.00  ✅ WIN
  2026-05-08 06:03 UTC   KXHIGHNY-26MAY08-B64.5         no    $ 1.22   $-0.09  ❌ LOSS
  2026-05-08 06:05 UTC   KXHIGHNY-26MAY08-B64.5         no    $ 1.22   $-0.09  ❌ LOSS
  2026-05-08 06:08 UTC   KXHIGHNY-26MAY08-B64.5         no    $ 0.62   $-0.04  ❌ LOSS

  Total invested:  $3.99
  Settled trades:  4
  Pending trades:  0
  Win rate:        1/4 (25%)
  Realized P&L:    $+0.78
  ROI:             +19.6%
============================================================
KALSHI DAILY RUNNER
Time: 2026-05-14 02:03 UTC (02:03 AM UTC)
============================================================

📊 Step 1: Updating P&L...

=======================================================
P&L SUMMARY — LIVE TRADES
=======================================================

  Timestamp              Ticker                         Side    Cost      P&L Status
  ------------------------------------------------------------------------------------------
  2026-05-08 05:57 UTC   KXHIGHNY-26MAY08-T64           yes   $ 0.93   $+1.00  ✅ WIN
  2026-05-08 06:03 UTC   KXHIGHNY-26MAY08-B64.5         no    $ 1.22   $-0.09  ❌ LOSS
  2026-05-08 06:05 UTC   KXHIGHNY-26MAY08-B64.5         no    $ 1.22   $-0.09  ❌ LOSS
  2026-05-08 06:08 UTC   KXHIGHNY-26MAY08-B64.5         no    $ 0.62   $-0.04  ❌ LOSS

  Total invested:  $3.99
  Settled trades:  4
  Pending trades:  0
  Win rate:        1/4 (25%)
  Realized P&L:    $+0.78
  ROI:             +19.6%
============================================================
KALSHI DAILY RUNNER
Time: 2026-05-14 21:00 UTC (09:00 PM UTC)
============================================================

📊 Step 1: Updating P&L...

=======================================================
P&L SUMMARY — LIVE TRADES
=======================================================

  Timestamp              Ticker                         Side    Cost      P&L Status
  ------------------------------------------------------------------------------------------
  2026-05-08 05:57 UTC   KXHIGHNY-26MAY08-T64           yes   $ 0.93   $+1.00  ✅ WIN
  2026-05-08 06:03 UTC   KXHIGHNY-26MAY08-B64.5         no    $ 1.22   $-0.09  ❌ LOSS
  2026-05-08 06:05 UTC   KXHIGHNY-26MAY08-B64.5         no    $ 1.22   $-0.09  ❌ LOSS
  2026-05-08 06:08 UTC   KXHIGHNY-26MAY08-B64.5         no    $ 0.62   $-0.04  ❌ LOSS

  Total invested:  $3.99
  Settled trades:  4
  Pending trades:  0
  Win rate:        1/4 (25%)
  Realized P&L:    $+0.78
  ROI:             +19.6%

💰 Current balance: $15.03

📥 Step 2: Collecting market data...
  Target date: 2026-05-15
  NWS forecast: 64°F
  Saved 4 new observations

🧮 Step 3: Running fair value model...
  Market implied: 65.7°F ± 0.8°F
  NWS forecast:   64°F
  Posterior:      65.7°F ± 0.9°F
  Divergence:     -1.7°F

⚡ Step 4: Signal detection...

  Direction Bucket        Mkt%     FV%    Edge
  ---------------------------------------------
  NO     65-66°       88.0%   41.7%  +45.5%

🚀 Step 5: Trade execution...
  Best signal: NO on 65-66°
  Edge: 45.5%  |  Max risk: $1.50
  Edge 45.5% below 15% threshold — paper trading

  [DRY RUN] Order:
    Ticker: KXHIGHNY-26MAY14-B65.5
    Side:   NO BUY
    Count:  10 contracts @ 88¢
    Cost:   $8.80
    Status: SIMULATED

============================================================
Done! Check back tomorrow morning.
============================================================

=== Collection Run — 2026-05-14 23:00 UTC ===

Backfilling past results...
  Backfilled KXHIGHNY-26MAY13-B66.5: result=no actual=None
  Backfilled KXHIGHNY-26MAY13-B68.5: result=no actual=None
  Backfilled KXHIGHNY-26MAY13-B70.5: result=no actual=None
  Backfilled KXHIGHNY-26MAY13-B72.5: result=yes actual=None

Fetching open buckets...
  Found 4 buckets for 2026-05-15

Fetching NWS forecast...
  NWS high: 64°F

Saving observations...
  69-70°  0.005  
  67-68°  0.015  
  65-66°  0.985  
  63-64°  0.005  ← NWS

  4 buckets processed (duplicates skipped by DB)
Done!
============================================================
KALSHI DAILY RUNNER
Time: 2026-05-15 00:00 UTC (12:00 AM UTC)
============================================================

📊 Step 1: Updating P&L...

=======================================================
P&L SUMMARY — LIVE TRADES
=======================================================

  Timestamp              Ticker                         Side    Cost      P&L Status
  ------------------------------------------------------------------------------------------
  2026-05-08 05:57 UTC   KXHIGHNY-26MAY08-T64           yes   $ 0.93   $+1.00  ✅ WIN
  2026-05-08 06:03 UTC   KXHIGHNY-26MAY08-B64.5         no    $ 1.22   $-0.09  ❌ LOSS
  2026-05-08 06:05 UTC   KXHIGHNY-26MAY08-B64.5         no    $ 1.22   $-0.09  ❌ LOSS
  2026-05-08 06:08 UTC   KXHIGHNY-26MAY08-B64.5         no    $ 0.62   $-0.04  ❌ LOSS

  Total invested:  $3.99
  Settled trades:  4
  Pending trades:  0
  Win rate:        1/4 (25%)
  Realized P&L:    $+0.78
  ROI:             +19.6%

💰 Current balance: $15.03

📥 Step 2: Collecting market data...
  Target date: 2026-05-15
  NWS forecast: 64°F
  Already collected today

🧮 Step 3: Running fair value model...
  ⚠️  Market near resolution — no signals today
  Run before noon ET for actionable signals
